<?xml version="1.0" encoding="UTF-8"?>
<!-- Generated by org.testng.reporters.JUnitXMLReporter -->
<testsuite ignored="0" hostname="DESKTOP-OQVSJB4" failures="0" tests="2" name="Error Validation Test" time="15.254" errors="0" timestamp="31 Jan 2023 10:01:09 GMT">
  <testcase classname="practice.TestsCases.ErrorValidation" name="LoginErrorValidation" time="1.017"/>
  <testcase classname="practice.TestsCases.ErrorValidation" name="ProductErrorValidation" time="2.701"/>
</testsuite> <!-- Error Validation Test -->
