<?xml version="1.0" encoding="UTF-8"?>
<!-- Generated by org.testng.reporters.JUnitXMLReporter -->
<testsuite ignored="0" hostname="DESKTOP-OQVSJB4" failures="0" tests="3" name="Submit Order Test" time="21.311" errors="0" timestamp="31 Jan 2023 10:01:15 GMT">
  <testcase classname="practice.TestsCases.SubmitOrderTest" name="submitOrder" time="3.574"/>
  <testcase classname="practice.TestsCases.SubmitOrderTest" name="submitOrder" time="3.512"/>
  <testcase classname="practice.TestsCases.SubmitOrderTest" name="OrderHistoryTest" time="0.697"/>
</testsuite> <!-- Submit Order Test -->
